#
# A fatal error has been detected by the Java Runtime Environment:
#
#  Internal Error (classFileParser.cpp:3174), pid=3245, tid=3066551152
#  Error: ShouldNotReachHere()
#
# JRE version: 6.0_20-b02
# Java VM: Java HotSpot(TM) Client VM (16.3-b01 mixed mode linux-x86 )
# If you would like to submit a bug report, please visit:
#   http://java.sun.com/webapps/bugreport/crash.jsp
#

---------------  T H R E A D  ---------------

Current thread (0x0909f800):  JavaThread "Unknown thread" [_thread_in_vm, id=3250, stack(0xb6c2d000,0xb6c7e000)]

Stack: [0xb6c2d000,0xb6c7e000],  sp=0xb6c7c810,  free space=13eb6c7e000k
Native frames: (J=compiled Java code, j=interpreted, Vv=VM code, C=native code)
V  [libjvm.so+0x417a22]
V  [libjvm.so+0x195bdf]
V  [libjvm.so+0x147dba]
V  [libjvm.so+0x14ddd1]
V  [libjvm.so+0x3b731f]
V  [libjvm.so+0x3b5585]
V  [libjvm.so+0x3b4446]
V  [libjvm.so+0x3b4100]
V  [libjvm.so+0x3b8a6a]
V  [libjvm.so+0x3b8afc]
V  [libjvm.so+0x3b8bc0]
V  [libjvm.so+0x3b89a9]
V  [libjvm.so+0x3f513a]
V  [libjvm.so+0x3f67bf]
V  [libjvm.so+0x1f3dec]
V  [libjvm.so+0x3e9ddd]
V  [libjvm.so+0x24b566]
C  [java+0x305c]
C  [java+0x1942]  JavaMain+0x72
C  [libpthread.so.0+0x596e]


---------------  P R O C E S S  ---------------

Java Threads: ( => current thread )

Other Threads:

=>0x0909f800 (exited) JavaThread "Unknown thread" [_thread_in_vm, id=3250, stack(0xb6c2d000,0xb6c7e000)]

VM state:not at safepoint (not fully initialized)

VM Mutex/Monitor currently owned by a thread: None

Dynamic libraries:
08048000-08052000 r-xp 00000000 08:06 539542     /usr/lib/jvm/java-6-sun-1.6.0.20/jre/bin/java
08052000-08053000 rwxp 00009000 08:06 539542     /usr/lib/jvm/java-6-sun-1.6.0.20/jre/bin/java
09099000-09100000 rwxp 00000000 00:00 0          [heap]
a8e1d000-a8e66000 r-xs 002cf000 08:08 29536      /media/8E0837030836E9BB_/Multi-Media/Programs/android-sdk-linux_86/platforms/android-4/android.jar
a8e66000-a8e6d000 rwxp 00000000 00:00 0 
a8e6d000-a8e87000 rwxp 00000000 00:00 0 
a8e87000-a8e8a000 rwxp 00000000 00:00 0 
a8e8a000-a8eb1000 rwxp 00000000 00:00 0 
a8eb1000-a8eb3000 rwxp 00000000 00:00 0 
a8eb3000-a8ec5000 rwxp 00000000 00:00 0 
a8ec5000-a8ec8000 rwxp 00000000 00:00 0 
a8ec8000-a8eef000 rwxp 00000000 00:00 0 
a8eef000-a8ef5000 rwxp 00000000 00:00 0 
a8ef5000-a8f0f000 rwxp 00000000 00:00 0 
a8f0f000-a9310000 rwxp 00000000 00:00 0 
a9310000-ab860000 rwxp 00000000 00:00 0 
ab860000-abc60000 rwxp 00000000 00:00 0 
abc60000-b0b10000 rwxp 00000000 00:00 0 
b0b10000-b1710000 rwxp 00000000 00:00 0 
b1710000-b4b10000 rwxp 00000000 00:00 0 
b4b1f000-b4b20000 rwxp 00000000 00:00 0 
b4b20000-b4b9f000 rwxp 00000000 00:00 0 
b4b9f000-b4bcf000 rwxp 00000000 00:00 0 
b4bcf000-b6b9f000 rwxp 00000000 00:00 0 
b6b9f000-b6bae000 r-xp 00000000 08:06 539576     /usr/lib/jvm/java-6-sun-1.6.0.20/jre/lib/i386/libzip.so
b6bae000-b6bb0000 rwxp 0000e000 08:06 539576     /usr/lib/jvm/java-6-sun-1.6.0.20/jre/lib/i386/libzip.so
b6bb0000-b6bba000 r-xp 00000000 08:06 455887     /lib/tls/i686/cmov/libnss_files-2.11.1.so
b6bba000-b6bbb000 r-xp 00009000 08:06 455887     /lib/tls/i686/cmov/libnss_files-2.11.1.so
b6bbb000-b6bbc000 rwxp 0000a000 08:06 455887     /lib/tls/i686/cmov/libnss_files-2.11.1.so
b6bbc000-b6bc4000 r-xp 00000000 08:06 455889     /lib/tls/i686/cmov/libnss_nis-2.11.1.so
b6bc4000-b6bc5000 r-xp 00007000 08:06 455889     /lib/tls/i686/cmov/libnss_nis-2.11.1.so
b6bc5000-b6bc6000 rwxp 00008000 08:06 455889     /lib/tls/i686/cmov/libnss_nis-2.11.1.so
b6bcf000-b6bd7000 rwxs 00000000 08:06 504350     /tmp/hsperfdata_feras/3245
b6bd7000-b6bea000 r-xp 00000000 08:06 455880     /lib/tls/i686/cmov/libnsl-2.11.1.so
b6bea000-b6beb000 r-xp 00012000 08:06 455880     /lib/tls/i686/cmov/libnsl-2.11.1.so
b6beb000-b6bec000 rwxp 00013000 08:06 455880     /lib/tls/i686/cmov/libnsl-2.11.1.so
b6bec000-b6bee000 rwxp 00000000 00:00 0 
b6bf0000-b6bf6000 r-xp 00000000 08:06 455882     /lib/tls/i686/cmov/libnss_compat-2.11.1.so
b6bf6000-b6bf7000 r-xp 00006000 08:06 455882     /lib/tls/i686/cmov/libnss_compat-2.11.1.so
b6bf7000-b6bf8000 rwxp 00007000 08:06 455882     /lib/tls/i686/cmov/libnss_compat-2.11.1.so
b6bf8000-b6bfe000 r-xp 00000000 08:06 539561     /usr/lib/jvm/java-6-sun-1.6.0.20/jre/lib/i386/native_threads/libhpi.so
b6bfe000-b6bff000 rwxp 00006000 08:06 539561     /usr/lib/jvm/java-6-sun-1.6.0.20/jre/lib/i386/native_threads/libhpi.so
b6bff000-b6c22000 r-xp 00000000 08:06 539573     /usr/lib/jvm/java-6-sun-1.6.0.20/jre/lib/i386/libjava.so
b6c22000-b6c24000 rwxp 00023000 08:06 539573     /usr/lib/jvm/java-6-sun-1.6.0.20/jre/lib/i386/libjava.so
b6c24000-b6c2b000 r-xp 00000000 08:06 456005     /lib/tls/i686/cmov/librt-2.11.1.so
b6c2b000-b6c2c000 r-xp 00006000 08:06 456005     /lib/tls/i686/cmov/librt-2.11.1.so
b6c2c000-b6c2d000 rwxp 00007000 08:06 456005     /lib/tls/i686/cmov/librt-2.11.1.so
b6c2d000-b6c30000 ---p 00000000 00:00 0 
b6c30000-b6c7e000 rwxp 00000000 00:00 0 
b6c7e000-b6ca2000 r-xp 00000000 08:06 455877     /lib/tls/i686/cmov/libm-2.11.1.so
b6ca2000-b6ca3000 r-xp 00023000 08:06 455877     /lib/tls/i686/cmov/libm-2.11.1.so
b6ca3000-b6ca4000 rwxp 00024000 08:06 455877     /lib/tls/i686/cmov/libm-2.11.1.so
b6ca4000-b7127000 r-xp 00000000 08:06 539567     /usr/lib/jvm/java-6-sun-1.6.0.20/jre/lib/i386/client/libjvm.so
b7127000-b7148000 rwxp 00483000 08:06 539567     /usr/lib/jvm/java-6-sun-1.6.0.20/jre/lib/i386/client/libjvm.so
b7148000-b7565000 rwxp 00000000 00:00 0 
b7565000-b76b8000 r-xp 00000000 08:06 455188     /lib/tls/i686/cmov/libc-2.11.1.so
b76b8000-b76b9000 ---p 00153000 08:06 455188     /lib/tls/i686/cmov/libc-2.11.1.so
b76b9000-b76bb000 r-xp 00153000 08:06 455188     /lib/tls/i686/cmov/libc-2.11.1.so
b76bb000-b76bc000 rwxp 00155000 08:06 455188     /lib/tls/i686/cmov/libc-2.11.1.so
b76bc000-b76bf000 rwxp 00000000 00:00 0 
b76bf000-b76c1000 r-xp 00000000 08:06 455876     /lib/tls/i686/cmov/libdl-2.11.1.so
b76c1000-b76c2000 r-xp 00001000 08:06 455876     /lib/tls/i686/cmov/libdl-2.11.1.so
b76c2000-b76c3000 rwxp 00002000 08:06 455876     /lib/tls/i686/cmov/libdl-2.11.1.so
b76c3000-b76ca000 r-xp 00000000 08:06 539575     /usr/lib/jvm/java-6-sun-1.6.0.20/jre/lib/i386/jli/libjli.so
b76ca000-b76cc000 rwxp 00006000 08:06 539575     /usr/lib/jvm/java-6-sun-1.6.0.20/jre/lib/i386/jli/libjli.so
b76cc000-b76cd000 rwxp 00000000 00:00 0 
b76cd000-b76e2000 r-xp 00000000 08:06 455928     /lib/tls/i686/cmov/libpthread-2.11.1.so
b76e2000-b76e3000 r-xp 00014000 08:06 455928     /lib/tls/i686/cmov/libpthread-2.11.1.so
b76e3000-b76e4000 rwxp 00015000 08:06 455928     /lib/tls/i686/cmov/libpthread-2.11.1.so
b76e4000-b76e6000 rwxp 00000000 00:00 0 
b76e9000-b76ea000 rwxp 00000000 00:00 0 
b76ea000-b76eb000 r-xp 00000000 00:00 0 
b76eb000-b76f6000 r-xp 00000000 08:06 539572     /usr/lib/jvm/java-6-sun-1.6.0.20/jre/lib/i386/libverify.so
b76f6000-b76f7000 rwxp 0000b000 08:06 539572     /usr/lib/jvm/java-6-sun-1.6.0.20/jre/lib/i386/libverify.so
b76f7000-b76f9000 rwxp 00000000 00:00 0 
b76f9000-b76fa000 r-xp 00000000 00:00 0          [vdso]
b76fa000-b7715000 r-xp 00000000 08:06 422712     /lib/ld-2.11.1.so
b7715000-b7716000 r-xp 0001a000 08:06 422712     /lib/ld-2.11.1.so
b7716000-b7717000 rwxp 0001b000 08:06 422712     /lib/ld-2.11.1.so
bf8e5000-bf8fa000 rwxp 00000000 00:00 0          [stack]

VM Arguments:
jvm_args: -Dvce.launchers=org.eclipse.ve.internal.java.vce.launcher.remotevm.JFCLauncher -Dvce.launcher.class=org.view.listview.list -Dfile.encoding=UTF-8 -Xbootclasspath:/media/8E0837030836E9BB_/Multi-Media/Programs/android-sdk-linux_86/platforms/android-4/android.jar 
java_command: org.eclipse.ve.internal.java.vce.launcher.remotevm.JavaBeansLauncher
Launcher Type: SUN_STANDARD

Environment Variables:
PATH=/usr/local/sbin:/usr/local/bin:/usr/sbin:/usr/bin:/sbin:/bin:/usr/games:/opt/real/RealPlayer
USERNAME=feras
LD_LIBRARY_PATH=/usr/lib/jvm/java-6-sun-1.6.0.20/jre/lib/i386/client:/usr/lib/jvm/java-6-sun-1.6.0.20/jre/lib/i386:/usr/lib/jvm/java-6-sun-1.6.0.20/jre/../lib/i386:/usr/lib/jvm/java-6-sun-1.6.0.20/jre/lib/i386/client:/usr/lib/jvm/java-6-sun-1.6.0.20/jre/lib/i386:/usr/lib/xulrunner-addons:/usr/lib/xulrunner-addons
SHELL=/bin/bash
DISPLAY=:0.0

Signal Handlers:
SIGSEGV: [libjvm.so+0x418670], sa_mask[0]=0x7ffbfeff, sa_flags=0x10000004
SIGBUS: [libjvm.so+0x418670], sa_mask[0]=0x7ffbfeff, sa_flags=0x10000004
SIGFPE: [libjvm.so+0x33e070], sa_mask[0]=0x7ffbfeff, sa_flags=0x10000004
SIGPIPE: [libjvm.so+0x33e070], sa_mask[0]=0x7ffbfeff, sa_flags=0x10000004
SIGXFSZ: [libjvm.so+0x33e070], sa_mask[0]=0x7ffbfeff, sa_flags=0x10000004
SIGILL: [libjvm.so+0x33e070], sa_mask[0]=0x7ffbfeff, sa_flags=0x10000004
SIGUSR1: SIG_DFL, sa_mask[0]=0x00000000, sa_flags=0x00000000
SIGUSR2: [libjvm.so+0x340cb0], sa_mask[0]=0x00000004, sa_flags=0x10000004
SIGHUP: SIG_DFL, sa_mask[0]=0x00000000, sa_flags=0x00000000
SIGINT: SIG_DFL, sa_mask[0]=0x00000000, sa_flags=0x00000000
SIGTERM: SIG_DFL, sa_mask[0]=0x00000000, sa_flags=0x00000000
SIGQUIT: SIG_DFL, sa_mask[0]=0x00000000, sa_flags=0x00000000


---------------  S Y S T E M  ---------------

OS:squeeze/sid

uname:Linux 2.6.32-24-generic #39-Ubuntu SMP Wed Jul 28 06:07:29 UTC 2010 i686
libc:glibc 2.11.1 NPTL 2.11.1 
rlimit: STACK 8192k, CORE 0k, NPROC infinity, NOFILE 1024, AS infinity
load average:1.39 2.43 2.00

CPU:total 2 (2 cores per cpu, 1 threads per core) family 15 model 4 stepping 7, cmov, cx8, fxsr, mmx, sse, sse2, sse3

Memory: 4k page, physical 499880k(22000k free), swap 1108444k(931476k free)

vm_info: Java HotSpot(TM) Client VM (16.3-b01) for linux-x86 JRE (1.6.0_20-b02), built on Apr 12 2010 14:15:08 by "java_re" with gcc 3.2.1-7a (J2SE release)

time: Sat Aug 14 12:59:43 2010
elapsed time: 0 seconds

