#
# A fatal error has been detected by the Java Runtime Environment:
#
#  Internal Error (classFileParser.cpp:3174), pid=3098, tid=3067423600
#  Error: ShouldNotReachHere()
#
# JRE version: 6.0_20-b02
# Java VM: Java HotSpot(TM) Client VM (16.3-b01 mixed mode linux-x86 )
# If you would like to submit a bug report, please visit:
#   http://java.sun.com/webapps/bugreport/crash.jsp
#

---------------  T H R E A D  ---------------

Current thread (0x08af1800):  JavaThread "Unknown thread" [_thread_in_vm, id=3099, stack(0xb6d02000,0xb6d53000)]

Stack: [0xb6d02000,0xb6d53000],  sp=0xb6d51810,  free space=13eb6d53000k
Native frames: (J=compiled Java code, j=interpreted, Vv=VM code, C=native code)
V  [libjvm.so+0x417a22]
V  [libjvm.so+0x195bdf]
V  [libjvm.so+0x147dba]
V  [libjvm.so+0x14ddd1]
V  [libjvm.so+0x3b731f]
V  [libjvm.so+0x3b5585]
V  [libjvm.so+0x3b4446]
V  [libjvm.so+0x3b4100]
V  [libjvm.so+0x3b8a6a]
V  [libjvm.so+0x3b8afc]
V  [libjvm.so+0x3b8bc0]
V  [libjvm.so+0x3b89a9]
V  [libjvm.so+0x3f513a]
V  [libjvm.so+0x3f67bf]
V  [libjvm.so+0x1f3dec]
V  [libjvm.so+0x3e9ddd]
V  [libjvm.so+0x24b566]
C  [java+0x305c]
C  [java+0x1942]  JavaMain+0x72
C  [libpthread.so.0+0x596e]


---------------  P R O C E S S  ---------------

Java Threads: ( => current thread )

Other Threads:

=>0x08af1800 (exited) JavaThread "Unknown thread" [_thread_in_vm, id=3099, stack(0xb6d02000,0xb6d53000)]

VM state:not at safepoint (not fully initialized)

VM Mutex/Monitor currently owned by a thread: None

Dynamic libraries:
08048000-08052000 r-xp 00000000 08:06 539542     /usr/lib/jvm/java-6-sun-1.6.0.20/jre/bin/java
08052000-08053000 rwxp 00009000 08:06 539542     /usr/lib/jvm/java-6-sun-1.6.0.20/jre/bin/java
08aeb000-08b52000 rwxp 00000000 00:00 0          [heap]
a0a8f000-a0ad8000 r-xs 002cf000 08:08 29536      /media/8E0837030836E9BB_/Multi-Media/Programs/android-sdk-linux_86/platforms/android-4/android.jar
a0ad8000-a0adf000 rwxp 00000000 00:00 0 
a0adf000-a0af9000 rwxp 00000000 00:00 0 
a0af9000-a0aff000 rwxp 00000000 00:00 0 
a0aff000-a0b4f000 rwxp 00000000 00:00 0 
a0b4f000-a0b52000 rwxp 00000000 00:00 0 
a0b52000-a0b79000 rwxp 00000000 00:00 0 
a0b79000-a0b7f000 rwxp 00000000 00:00 0 
a0b7f000-a0bcf000 rwxp 00000000 00:00 0 
a0bcf000-a0bd5000 rwxp 00000000 00:00 0 
a0bd5000-a0bef000 rwxp 00000000 00:00 0 
a0bef000-a1140000 rwxp 00000000 00:00 0 
a1140000-a6140000 rwxp 00000000 00:00 0 
a6140000-a6bf0000 rwxp 00000000 00:00 0 
a6bf0000-b0bf0000 rwxp 00000000 00:00 0 
b0bf0000-b17f0000 rwxp 00000000 00:00 0 
b17f0000-b4bf0000 rwxp 00000000 00:00 0 
b4bf4000-b4bf5000 rwxp 00000000 00:00 0 
b4bf5000-b4c74000 rwxp 00000000 00:00 0 
b4c74000-b4ca4000 rwxp 00000000 00:00 0 
b4ca4000-b6c74000 rwxp 00000000 00:00 0 
b6c74000-b6c83000 r-xp 00000000 08:06 539576     /usr/lib/jvm/java-6-sun-1.6.0.20/jre/lib/i386/libzip.so
b6c83000-b6c85000 rwxp 0000e000 08:06 539576     /usr/lib/jvm/java-6-sun-1.6.0.20/jre/lib/i386/libzip.so
b6c85000-b6c8f000 r-xp 00000000 08:06 455887     /lib/tls/i686/cmov/libnss_files-2.11.1.so
b6c8f000-b6c90000 r-xp 00009000 08:06 455887     /lib/tls/i686/cmov/libnss_files-2.11.1.so
b6c90000-b6c91000 rwxp 0000a000 08:06 455887     /lib/tls/i686/cmov/libnss_files-2.11.1.so
b6c91000-b6c99000 r-xp 00000000 08:06 455889     /lib/tls/i686/cmov/libnss_nis-2.11.1.so
b6c99000-b6c9a000 r-xp 00007000 08:06 455889     /lib/tls/i686/cmov/libnss_nis-2.11.1.so
b6c9a000-b6c9b000 rwxp 00008000 08:06 455889     /lib/tls/i686/cmov/libnss_nis-2.11.1.so
b6ca4000-b6cac000 rwxs 00000000 08:06 504795     /tmp/hsperfdata_feras/3098
b6cac000-b6cbf000 r-xp 00000000 08:06 455880     /lib/tls/i686/cmov/libnsl-2.11.1.so
b6cbf000-b6cc0000 r-xp 00012000 08:06 455880     /lib/tls/i686/cmov/libnsl-2.11.1.so
b6cc0000-b6cc1000 rwxp 00013000 08:06 455880     /lib/tls/i686/cmov/libnsl-2.11.1.so
b6cc1000-b6cc3000 rwxp 00000000 00:00 0 
b6cc5000-b6ccb000 r-xp 00000000 08:06 455882     /lib/tls/i686/cmov/libnss_compat-2.11.1.so
b6ccb000-b6ccc000 r-xp 00006000 08:06 455882     /lib/tls/i686/cmov/libnss_compat-2.11.1.so
b6ccc000-b6ccd000 rwxp 00007000 08:06 455882     /lib/tls/i686/cmov/libnss_compat-2.11.1.so
b6ccd000-b6cd3000 r-xp 00000000 08:06 539561     /usr/lib/jvm/java-6-sun-1.6.0.20/jre/lib/i386/native_threads/libhpi.so
b6cd3000-b6cd4000 rwxp 00006000 08:06 539561     /usr/lib/jvm/java-6-sun-1.6.0.20/jre/lib/i386/native_threads/libhpi.so
b6cd4000-b6cf7000 r-xp 00000000 08:06 539573     /usr/lib/jvm/java-6-sun-1.6.0.20/jre/lib/i386/libjava.so
b6cf7000-b6cf9000 rwxp 00023000 08:06 539573     /usr/lib/jvm/java-6-sun-1.6.0.20/jre/lib/i386/libjava.so
b6cf9000-b6d00000 r-xp 00000000 08:06 456005     /lib/tls/i686/cmov/librt-2.11.1.so
b6d00000-b6d01000 r-xp 00006000 08:06 456005     /lib/tls/i686/cmov/librt-2.11.1.so
b6d01000-b6d02000 rwxp 00007000 08:06 456005     /lib/tls/i686/cmov/librt-2.11.1.so
b6d02000-b6d05000 ---p 00000000 00:00 0 
b6d05000-b6d53000 rwxp 00000000 00:00 0 
b6d53000-b6d77000 r-xp 00000000 08:06 455877     /lib/tls/i686/cmov/libm-2.11.1.so
b6d77000-b6d78000 r-xp 00023000 08:06 455877     /lib/tls/i686/cmov/libm-2.11.1.so
b6d78000-b6d79000 rwxp 00024000 08:06 455877     /lib/tls/i686/cmov/libm-2.11.1.so
b6d79000-b71fc000 r-xp 00000000 08:06 539567     /usr/lib/jvm/java-6-sun-1.6.0.20/jre/lib/i386/client/libjvm.so
b71fc000-b721d000 rwxp 00483000 08:06 539567     /usr/lib/jvm/java-6-sun-1.6.0.20/jre/lib/i386/client/libjvm.so
b721d000-b763a000 rwxp 00000000 00:00 0 
b763a000-b778d000 r-xp 00000000 08:06 455188     /lib/tls/i686/cmov/libc-2.11.1.so
b778d000-b778e000 ---p 00153000 08:06 455188     /lib/tls/i686/cmov/libc-2.11.1.so
b778e000-b7790000 r-xp 00153000 08:06 455188     /lib/tls/i686/cmov/libc-2.11.1.so
b7790000-b7791000 rwxp 00155000 08:06 455188     /lib/tls/i686/cmov/libc-2.11.1.so
b7791000-b7794000 rwxp 00000000 00:00 0 
b7794000-b7796000 r-xp 00000000 08:06 455876     /lib/tls/i686/cmov/libdl-2.11.1.so
b7796000-b7797000 r-xp 00001000 08:06 455876     /lib/tls/i686/cmov/libdl-2.11.1.so
b7797000-b7798000 rwxp 00002000 08:06 455876     /lib/tls/i686/cmov/libdl-2.11.1.so
b7798000-b779f000 r-xp 00000000 08:06 539575     /usr/lib/jvm/java-6-sun-1.6.0.20/jre/lib/i386/jli/libjli.so
b779f000-b77a1000 rwxp 00006000 08:06 539575     /usr/lib/jvm/java-6-sun-1.6.0.20/jre/lib/i386/jli/libjli.so
b77a1000-b77a2000 rwxp 00000000 00:00 0 
b77a2000-b77b7000 r-xp 00000000 08:06 455928     /lib/tls/i686/cmov/libpthread-2.11.1.so
b77b7000-b77b8000 r-xp 00014000 08:06 455928     /lib/tls/i686/cmov/libpthread-2.11.1.so
b77b8000-b77b9000 rwxp 00015000 08:06 455928     /lib/tls/i686/cmov/libpthread-2.11.1.so
b77b9000-b77bb000 rwxp 00000000 00:00 0 
b77be000-b77bf000 rwxp 00000000 00:00 0 
b77bf000-b77c0000 r-xp 00000000 00:00 0 
b77c0000-b77cb000 r-xp 00000000 08:06 539572     /usr/lib/jvm/java-6-sun-1.6.0.20/jre/lib/i386/libverify.so
b77cb000-b77cc000 rwxp 0000b000 08:06 539572     /usr/lib/jvm/java-6-sun-1.6.0.20/jre/lib/i386/libverify.so
b77cc000-b77ce000 rwxp 00000000 00:00 0 
b77ce000-b77cf000 r-xp 00000000 00:00 0          [vdso]
b77cf000-b77ea000 r-xp 00000000 08:06 422712     /lib/ld-2.11.1.so
b77ea000-b77eb000 r-xp 0001a000 08:06 422712     /lib/ld-2.11.1.so
b77eb000-b77ec000 rwxp 0001b000 08:06 422712     /lib/ld-2.11.1.so
bf9ab000-bf9c0000 rwxp 00000000 00:00 0          [stack]

VM Arguments:
jvm_args: -Dvce.launchers=org.eclipse.ve.internal.java.vce.launcher.remotevm.JFCLauncher -Dvce.launcher.class=com.examples.Threading.Threading -Dfile.encoding=UTF-8 -Xbootclasspath:/media/8E0837030836E9BB_/Multi-Media/Programs/android-sdk-linux_86/platforms/android-4/android.jar 
java_command: org.eclipse.ve.internal.java.vce.launcher.remotevm.JavaBeansLauncher
Launcher Type: SUN_STANDARD

Environment Variables:
PATH=/usr/local/sbin:/usr/local/bin:/usr/sbin:/usr/bin:/sbin:/bin:/usr/games:/opt/real/RealPlayer
USERNAME=feras
LD_LIBRARY_PATH=/usr/lib/jvm/java-6-sun-1.6.0.20/jre/lib/i386/client:/usr/lib/jvm/java-6-sun-1.6.0.20/jre/lib/i386:/usr/lib/jvm/java-6-sun-1.6.0.20/jre/../lib/i386:/usr/lib/jvm/java-6-sun-1.6.0.20/jre/lib/i386/client:/usr/lib/jvm/java-6-sun-1.6.0.20/jre/lib/i386:/usr/lib/xulrunner-addons:/usr/lib/xulrunner-addons
SHELL=/bin/bash
DISPLAY=:0.0

Signal Handlers:
SIGSEGV: [libjvm.so+0x418670], sa_mask[0]=0x7ffbfeff, sa_flags=0x10000004
SIGBUS: [libjvm.so+0x418670], sa_mask[0]=0x7ffbfeff, sa_flags=0x10000004
SIGFPE: [libjvm.so+0x33e070], sa_mask[0]=0x7ffbfeff, sa_flags=0x10000004
SIGPIPE: [libjvm.so+0x33e070], sa_mask[0]=0x7ffbfeff, sa_flags=0x10000004
SIGXFSZ: [libjvm.so+0x33e070], sa_mask[0]=0x7ffbfeff, sa_flags=0x10000004
SIGILL: [libjvm.so+0x33e070], sa_mask[0]=0x7ffbfeff, sa_flags=0x10000004
SIGUSR1: SIG_DFL, sa_mask[0]=0x00000000, sa_flags=0x00000000
SIGUSR2: [libjvm.so+0x340cb0], sa_mask[0]=0x00000004, sa_flags=0x10000004
SIGHUP: SIG_DFL, sa_mask[0]=0x00000000, sa_flags=0x00000000
SIGINT: SIG_DFL, sa_mask[0]=0x00000000, sa_flags=0x00000000
SIGTERM: SIG_DFL, sa_mask[0]=0x00000000, sa_flags=0x00000000
SIGQUIT: SIG_DFL, sa_mask[0]=0x00000000, sa_flags=0x00000000


---------------  S Y S T E M  ---------------

OS:squeeze/sid

uname:Linux 2.6.32-24-generic #39-Ubuntu SMP Wed Jul 28 06:07:29 UTC 2010 i686
libc:glibc 2.11.1 NPTL 2.11.1 
rlimit: STACK 8192k, CORE 0k, NPROC infinity, NOFILE 1024, AS infinity
load average:0.70 0.86 0.73

CPU:total 2 (2 cores per cpu, 1 threads per core) family 15 model 4 stepping 7, cmov, cx8, fxsr, mmx, sse, sse2, sse3

Memory: 4k page, physical 1534732k(56072k free), swap 1108444k(1101728k free)

vm_info: Java HotSpot(TM) Client VM (16.3-b01) for linux-x86 JRE (1.6.0_20-b02), built on Apr 12 2010 14:15:08 by "java_re" with gcc 3.2.1-7a (J2SE release)

time: Thu Aug 19 00:59:35 2010
elapsed time: 0 seconds

